{
  "RSpec": {
    "coverage": {
      "/home/diego/RubymineProjects/curso-rails-m4u/stickers-management/app/models/album.rb": [
        null,
        null,
        1,
        3,
        1,
        null,
        1,
        1,
        null,
        1,
        9,
        null,
        null
      ],
      "/home/diego/RubymineProjects/curso-rails-m4u/stickers-management/app/models/application_record.rb": [
        null,
        null,
        1,
        1,
        null,
        1,
        0,
        null,
        null
      ],
      "/home/diego/RubymineProjects/curso-rails-m4u/stickers-management/app/models/collector.rb": [
        null,
        null,
        1,
        1,
        1,
        null,
        1,
        1,
        1,
        null,
        1,
        5,
        null,
        null
      ],
      "/home/diego/RubymineProjects/curso-rails-m4u/stickers-management/app/validators/email_validator.rb": [
        null,
        null,
        1,
        1,
        5,
        null,
        5,
        null,
        null
      ],
      "/home/diego/RubymineProjects/curso-rails-m4u/stickers-management/app/serializers/collector_serializer.rb": [
        null,
        null,
        0,
        0,
        0
      ],
      "/home/diego/RubymineProjects/curso-rails-m4u/stickers-management/app/serializers/album_serializer.rb": [
        null,
        null,
        0,
        0,
        0
      ],
      "/home/diego/RubymineProjects/curso-rails-m4u/stickers-management/app/serializers/collection_serializer.rb": [
        null,
        null,
        0,
        0,
        0,
        0
      ],
      "/home/diego/RubymineProjects/curso-rails-m4u/stickers-management/app/serializers/sticker_serializer.rb": [
        null,
        null,
        0,
        0,
        0,
        null,
        0,
        null,
        0,
        0,
        0,
        0,
        0,
        0,
        0,
        0,
        0,
        null,
        0,
        0,
        null,
        0,
        0,
        0
      ],
      "/home/diego/RubymineProjects/curso-rails-m4u/stickers-management/app/serializers/error_serializer.rb": [
        null,
        null,
        null,
        0,
        0,
        null,
        0,
        0,
        0,
        0,
        0,
        null,
        0,
        null,
        0,
        0,
        0,
        0,
        0,
        0,
        0,
        0,
        0,
        0
      ],
      "/home/diego/RubymineProjects/curso-rails-m4u/stickers-management/app/serializers/application_serializer.rb": [
        null,
        null,
        0,
        0,
        0,
        null,
        0,
        0,
        0,
        null,
        0,
        0,
        0,
        0
      ],
      "/home/diego/RubymineProjects/curso-rails-m4u/stickers-management/app/jobs/application_job.rb": [
        null,
        null,
        0,
        null,
        null,
        null,
        null,
        null,
        0
      ],
      "/home/diego/RubymineProjects/curso-rails-m4u/stickers-management/app/models/error.rb": [
        null,
        null,
        null,
        0,
        0,
        null,
        0,
        0,
        0,
        null,
        0,
        0,
        0,
        0,
        null,
        0,
        0,
        0,
        0,
        null,
        0,
        0,
        0,
        0
      ],
      "/home/diego/RubymineProjects/curso-rails-m4u/stickers-management/app/models/collection.rb": [
        null,
        null,
        0,
        0,
        0,
        null,
        0,
        0,
        null,
        0,
        null,
        0,
        0,
        null,
        0,
        0,
        0,
        0
      ],
      "/home/diego/RubymineProjects/curso-rails-m4u/stickers-management/app/models/sticker.rb": [
        null,
        null,
        0,
        0,
        null,
        0,
        0,
        null,
        0,
        null,
        0,
        0,
        null,
        0,
        0,
        0,
        0
      ],
      "/home/diego/RubymineProjects/curso-rails-m4u/stickers-management/app/controllers/application_controller.rb": [
        null,
        null,
        0,
        0,
        0,
        0,
        0,
        0,
        null,
        0,
        null,
        0,
        0,
        0,
        0,
        0,
        null,
        0,
        0,
        0,
        0
      ],
      "/home/diego/RubymineProjects/curso-rails-m4u/stickers-management/app/controllers/api/v1/collectors_controller.rb": [
        null,
        null,
        0,
        0,
        0,
        0,
        null,
        0,
        0,
        0,
        null,
        0,
        0,
        0,
        null,
        0,
        0,
        null,
        0,
        0,
        null,
        0,
        0,
        null,
        0,
        null,
        0,
        0,
        null,
        0,
        0,
        null,
        0,
        0,
        0,
        0,
        0,
        0
      ],
      "/home/diego/RubymineProjects/curso-rails-m4u/stickers-management/app/controllers/api/v1/collections_controller.rb": [
        null,
        null,
        0,
        0,
        0,
        0,
        0,
        0,
        0,
        null,
        0,
        0,
        0,
        null,
        0,
        0,
        0,
        null,
        0,
        0,
        0,
        0,
        0,
        0,
        0,
        0,
        0,
        null,
        0,
        0,
        null,
        0,
        0,
        null,
        0,
        null,
        0,
        0,
        0,
        null,
        0,
        0,
        0,
        null,
        0,
        0,
        null,
        0,
        0,
        null,
        0,
        0,
        null,
        0,
        0,
        null,
        0,
        0,
        null,
        0,
        0,
        null,
        0,
        0,
        null,
        0,
        0,
        null,
        0,
        0,
        0,
        null,
        0,
        0,
        0,
        0,
        0,
        0
      ],
      "/home/diego/RubymineProjects/curso-rails-m4u/stickers-management/app/controllers/api/v1/stickers_controller.rb": [
        null,
        null,
        0,
        0,
        0,
        0,
        0,
        null,
        0,
        0,
        0,
        null,
        0,
        0,
        0,
        null,
        0,
        0,
        null,
        0,
        null,
        0,
        0,
        null,
        0,
        0,
        null,
        0,
        0,
        null,
        0,
        0,
        null,
        0,
        0,
        null,
        0,
        0,
        null,
        0,
        0,
        0,
        0,
        0,
        0
      ],
      "/home/diego/RubymineProjects/curso-rails-m4u/stickers-management/app/controllers/api/v1/albums_controller.rb": [
        null,
        null,
        0,
        0,
        0,
        0,
        0,
        null,
        0,
        0,
        0,
        null,
        0,
        0,
        0,
        null,
        0,
        0,
        0,
        null,
        0,
        0,
        null,
        0,
        0,
        0,
        null,
        0,
        0,
        null,
        0,
        null,
        0,
        0,
        null,
        0,
        0,
        null,
        0,
        0,
        null,
        0,
        0,
        null,
        0,
        0,
        0,
        0,
        0,
        0
      ],
      "/home/diego/RubymineProjects/curso-rails-m4u/stickers-management/app/utils/datetime_util.rb": [
        null,
        null,
        0,
        0,
        0,
        0,
        null,
        0,
        0,
        0,
        0
      ]
    },
    "timestamp": 1568854564
  }
}
